<?xml version="1.0" encoding="UTF-8"?>
<!-- Generated by org.testng.reporters.JUnitReportReporter -->
<testsuite hostname="MacBook-Pro.local" failures="0" tests="1" name="com.skillio.dataproviders.DataProviders" time="1.362" errors="0" timestamp="2025-06-15T10:11:39 IST" skipped="0">
  <testcase classname="com.skillio.dataproviders.DataProviders" name="readExcel" time="1.362"/>
</testsuite> <!-- com.skillio.dataproviders.DataProviders -->
