<?xml version="1.0" encoding="UTF-8"?>
<!-- Generated by org.testng.reporters.JUnitReportReporter -->
<testsuite hostname="MacBook-Pro.local" failures="0" tests="1" name="com.skillio.testcases.HomePageTests" time="9.401" errors="0" timestamp="2025-06-28T10:52:44 IST" skipped="0">
  <testcase classname="com.skillio.testcases.HomePageTests" name="verifyOneStopFilterForFlightsUsingPOM" time="9.401"/>
</testsuite> <!-- com.skillio.testcases.HomePageTests -->
