<?xml version="1.0" encoding="UTF-8"?>
<!-- Generated by org.testng.reporters.JUnitReportReporter -->
<testsuite hostname="MacBook-Pro.local" failures="0" tests="7" name="com.listenersdemo.TestCases" time="0.033" errors="0" timestamp="2025-06-18T08:18:45 IST" skipped="0">
  <testcase classname="com.listenersdemo.TestCases" name="m6" time="0.002"/>
  <testcase classname="com.listenersdemo.TestCases" name="m3" time="0.003"/>
  <testcase classname="com.listenersdemo.TestCases" name="m4" time="0.002"/>
  <testcase classname="com.listenersdemo.TestCases" name="m2" time="0.006"/>
  <testcase classname="com.listenersdemo.TestCases" name="m5" time="0.003"/>
  <testcase classname="com.listenersdemo.TestCases" name="m7" time="0.004"/>
  <testcase classname="com.listenersdemo.TestCases" name="m1" time="0.013"/>
</testsuite> <!-- com.listenersdemo.TestCases -->
