<?xml version="1.0" encoding="UTF-8"?>
<!-- Generated by org.testng.reporters.JUnitReportReporter -->
<testsuite hostname="MacBook-Pro.local" failures="0" tests="1" name="com.frameworktests.MyTestCases" time="0.085" errors="0" timestamp="2025-06-14T09:54:37 IST" skipped="0">
  <testcase classname="com.frameworktests.MyTestCases" name="m1" time="0.085"/>
</testsuite> <!-- com.frameworktests.MyTestCases -->
