<?xml version="1.0" encoding="UTF-8"?>
<!-- Generated by org.testng.reporters.JUnitReportReporter -->
<testsuite hostname="MacBook-Pro.local" failures="0" tests="6" name="com.datadriventesting.MyDataDrivenTest" time="67.006" errors="0" timestamp="2025-06-18T07:44:54 IST" skipped="3">
  <testcase classname="com.datadriventesting.MyDataDrivenTest" name="verifyIfProductIsNotDeliverableInArea" time="45.769"/>
  <testcase classname="com.datadriventesting.MyDataDrivenTest" name="verifyIfProductIsNotDeliverableInArea" time="10.220"/>
  <testcase classname="com.datadriventesting.MyDataDrivenTest" name="verifyIfProductIsNotDeliverableInArea" time="11.017"/>
  <testcase classname="com.datadriventesting.MyDataDrivenTest" name="verifyIfProductIsDeliverableInArea">
    <skipped/>
  </testcase> <!-- verifyIfProductIsDeliverableInArea -->
  <testcase classname="com.datadriventesting.MyDataDrivenTest" name="verifyIfProductIsDeliverableInArea">
    <skipped/>
  </testcase> <!-- verifyIfProductIsDeliverableInArea -->
  <testcase classname="com.datadriventesting.MyDataDrivenTest" name="verifyIfProductIsDeliverableInArea">
    <skipped/>
  </testcase> <!-- verifyIfProductIsDeliverableInArea -->
</testsuite> <!-- com.datadriventesting.MyDataDrivenTest -->
