<?xml version="1.0" encoding="UTF-8"?>
<!-- Generated by org.testng.reporters.JUnitReportReporter -->
<testsuite hostname="MacBook-Pro.local" failures="0" tests="1" name="com.frameworktests.A" time="0.002" errors="0" timestamp="2025-06-11T09:09:49 IST" skipped="0">
  <testcase classname="com.frameworktests.A" name="m2" time="0.002"/>
</testsuite> <!-- com.frameworktests.A -->
